# JRE version: OpenJDK Runtime Environment (21.0.9) (build 21.0.9+-14649483-b1163.86)
# Java VM: OpenJDK 64-Bit Server VM (21.0.9+-14649483-b1163.86, mixed mode, tiered, compressed oops, compressed class ptrs, g1 gc, windows-amd64)
GC Precious Log:
 CardTable entry size: 512
 Card Set container configuration: InlinePtr #cards 4 size 8 Array Of Cards #cards 16 size 48 Howl #buckets 8 coarsen threshold 3686 Howl Bitmap #cards 512 size 80 coarsen threshold 460 Card regions per heap region 1 cards per card region 4096
 CPUs: 12 total, 12 available
 Memory: 5989M
 Large Page Support: Disabled
 NUMA Support: Disabled
 Compressed Oops: Enabled (Zero based)
 Heap Region Size: 2M
 Heap Min Capacity: 8M
 Heap Initial Capacity: 94M
 Heap Max Capacity: 4G
 Pre-touch: Disabled
 Parallel Workers: 10
 Concurrent Workers: 3
 Concurrent Refinement Workers: 10
 Periodic GC: Disabled
Heap:
 garbage-first heap   total 143360K, used 108681K [0x0000000700000000, 0x0000000800000000)
  region size 2048K, 14 young (28672K), 3 survivors (6144K)
 Metaspace       used 74199K, committed 75904K, reserved 1114112K
  class space    used 10342K, committed 11200K, reserved 1048576K
GC Heap History (20 events):
Event: 48.479 GC heap before
{Heap before GC invocations=11 (full 0):
 garbage-first heap   total 83968K, used 71347K [0x0000000700000000, 0x0000000800000000)
  region size 2048K, 11 young (22528K), 1 survivors (2048K)
 Metaspace       used 43921K, committed 44992K, reserved 1114112K
  class space    used 6316K, committed 6848K, reserved 1048576K
}
Event: 48.483 GC heap after
{Heap after GC invocations=12 (full 0):
 garbage-first heap   total 83968K, used 54679K [0x0000000700000000, 0x0000000800000000)
  region size 2048K, 2 young (4096K), 2 survivors (4096K)
 Metaspace       used 43921K, committed 44992K, reserved 1114112K
  class space    used 6316K, committed 6848K, reserved 1048576K
}
Event: 52.018 GC heap before
{Heap before GC invocations=13 (full 0):
 garbage-first heap   total 96256K, used 71063K [0x0000000700000000, 0x0000000800000000)
  region size 2048K, 11 young (22528K), 2 survivors (4096K)
 Metaspace       used 48643K, committed 49792K, reserved 1114112K
  class space    used 6779K, committed 7360K, reserved 1048576K
}
Event: 52.024 GC heap after
{Heap after GC invocations=14 (full 0):
 garbage-first heap   total 116736K, used 57816K [0x0000000700000000, 0x0000000800000000)
  region size 2048K, 2 young (4096K), 2 survivors (4096K)
 Metaspace       used 48643K, committed 49792K, reserved 1114112K
  class space    used 6779K, committed 7360K, reserved 1048576K
}
Event: 55.004 GC heap before
{Heap before GC invocations=14 (full 0):
 garbage-first heap   total 116736K, used 98776K [0x0000000700000000, 0x0000000800000000)
  region size 2048K, 21 young (43008K), 2 survivors (4096K)
 Metaspace       used 51639K, committed 52928K, reserved 1114112K
  class space    used 7078K, committed 7680K, reserved 1048576K
}
Event: 55.014 GC heap after
{Heap after GC invocations=15 (full 0):
 garbage-first heap   total 116736K, used 60177K [0x0000000700000000, 0x0000000800000000)
  region size 2048K, 3 young (6144K), 3 survivors (6144K)
 Metaspace       used 51639K, committed 52928K, reserved 1114112K
  class space    used 7078K, committed 7680K, reserved 1048576K
}
Event: 65.225 GC heap before
{Heap before GC invocations=15 (full 0):
 garbage-first heap   total 116736K, used 90897K [0x0000000700000000, 0x0000000800000000)
  region size 2048K, 19 young (38912K), 3 survivors (6144K)
 Metaspace       used 55168K, committed 56448K, reserved 1114112K
  class space    used 7691K, committed 8320K, reserved 1048576K
}
Event: 65.363 GC heap after
{Heap after GC invocations=16 (full 0):
 garbage-first heap   total 116736K, used 61812K [0x0000000700000000, 0x0000000800000000)
  region size 2048K, 1 young (2048K), 1 survivors (2048K)
 Metaspace       used 55168K, committed 56448K, reserved 1114112K
  class space    used 7691K, committed 8320K, reserved 1048576K
}
Event: 82.564 GC heap before
{Heap before GC invocations=17 (full 0):
 garbage-first heap   total 116736K, used 100724K [0x0000000700000000, 0x0000000800000000)
  region size 2048K, 20 young (40960K), 1 survivors (2048K)
 Metaspace       used 57814K, committed 59264K, reserved 1114112K
  class space    used 7939K, committed 8640K, reserved 1048576K
}
Event: 82.594 GC heap after
{Heap after GC invocations=18 (full 0):
 garbage-first heap   total 116736K, used 67581K [0x0000000700000000, 0x0000000800000000)
  region size 2048K, 3 young (6144K), 3 survivors (6144K)
 Metaspace       used 57814K, committed 59264K, reserved 1114112K
  class space    used 7939K, committed 8640K, reserved 1048576K
}
Event: 87.066 GC heap before
{Heap before GC invocations=18 (full 0):
 garbage-first heap   total 116736K, used 100349K [0x0000000700000000, 0x0000000800000000)
  region size 2048K, 20 young (40960K), 3 survivors (6144K)
 Metaspace       used 61642K, committed 63168K, reserved 1114112K
  class space    used 8555K, committed 9280K, reserved 1048576K
}
Event: 87.121 GC heap after
{Heap after GC invocations=19 (full 0):
 garbage-first heap   total 116736K, used 68451K [0x0000000700000000, 0x0000000800000000)
  region size 2048K, 1 young (2048K), 1 survivors (2048K)
 Metaspace       used 61642K, committed 63168K, reserved 1114112K
  class space    used 8555K, committed 9280K, reserved 1048576K
}
Event: 90.884 GC heap before
{Heap before GC invocations=19 (full 0):
 garbage-first heap   total 116736K, used 103267K [0x0000000700000000, 0x0000000800000000)
  region size 2048K, 18 young (36864K), 1 survivors (2048K)
 Metaspace       used 65126K, committed 66688K, reserved 1114112K
  class space    used 9162K, committed 9920K, reserved 1048576K
}
Event: 90.922 GC heap after
{Heap after GC invocations=20 (full 0):
 garbage-first heap   total 116736K, used 70861K [0x0000000700000000, 0x0000000800000000)
  region size 2048K, 2 young (4096K), 2 survivors (4096K)
 Metaspace       used 65126K, committed 66688K, reserved 1114112K
  class space    used 9162K, committed 9920K, reserved 1048576K
}
Event: 98.852 GC heap before
{Heap before GC invocations=21 (full 0):
 garbage-first heap   total 120832K, used 103629K [0x0000000700000000, 0x0000000800000000)
  region size 2048K, 19 young (38912K), 2 survivors (4096K)
 Metaspace       used 72326K, committed 73984K, reserved 1114112K
  class space    used 10132K, committed 10944K, reserved 1048576K
}
Event: 98.868 GC heap after
{Heap after GC invocations=22 (full 0):
 garbage-first heap   total 120832K, used 74474K [0x0000000700000000, 0x0000000800000000)
  region size 2048K, 3 young (6144K), 3 survivors (6144K)
 Metaspace       used 72326K, committed 73984K, reserved 1114112K
  class space    used 10132K, committed 10944K, reserved 1048576K
}
Event: 103.093 GC heap before
{Heap before GC invocations=22 (full 0):
 garbage-first heap   total 120832K, used 107242K [0x0000000700000000, 0x0000000800000000)
  region size 2048K, 20 young (40960K), 3 survivors (6144K)
 Metaspace       used 73129K, committed 74816K, reserved 1114112K
  class space    used 10175K, committed 11008K, reserved 1048576K
}
Event: 103.120 GC heap after
{Heap after GC invocations=23 (full 0):
 garbage-first heap   total 124928K, used 78071K [0x0000000700000000, 0x0000000800000000)
  region size 2048K, 3 young (6144K), 3 survivors (6144K)
 Metaspace       used 73129K, committed 74816K, reserved 1114112K
  class space    used 10175K, committed 11008K, reserved 1048576K
}
Event: 104.141 GC heap before
{Heap before GC invocations=23 (full 0):
 garbage-first heap   total 124928K, used 92407K [0x0000000700000000, 0x0000000800000000)
  region size 2048K, 12 young (24576K), 3 survivors (6144K)
 Metaspace       used 73349K, committed 75008K, reserved 1114112K
  class space    used 10199K, committed 11008K, reserved 1048576K
}
Event: 104.153 GC heap after
{Heap after GC invocations=24 (full 0):
 garbage-first heap   total 124928K, used 82057K [0x0000000700000000, 0x0000000800000000)
  region size 2048K, 3 young (6144K), 3 survivors (6144K)
 Metaspace       used 73349K, committed 75008K, reserved 1114112K
  class space    used 10199K, committed 11008K, reserved 1048576K
}

