# JRE version: OpenJDK Runtime Environment (21.0.9) (build 21.0.9+-14649483-b1163.86)
# Java VM: OpenJDK 64-Bit Server VM (21.0.9+-14649483-b1163.86, mixed mode, tiered, compressed oops, compressed class ptrs, serial gc, windows-amd64)
GC Precious Log:
 CardTable entry size: 512
 CPUs: 12 total, 12 available
 Memory: 5989M
 Large Page Support: Disabled
 NUMA Support: Disabled
 Compressed Oops: Enabled (32-bit)
 Heap Min Capacity: 8M
 Heap Initial Capacity: 94M
 Heap Max Capacity: 1G
 Pre-touch: Disabled
Heap:
 def new generation   total 95616K, used 59891K [0x00000000c0000000, 0x00000000c67c0000, 0x00000000d5550000)
  eden space 84992K,  63% used [0x00000000c0000000, 0x00000000c34b67a0, 0x00000000c5300000)
  from space 10624K,  55% used [0x00000000c5d60000, 0x00000000c63267e8, 0x00000000c67c0000)
  to   space 10624K,   0% used [0x00000000c5300000, 0x00000000c5300000, 0x00000000c5d60000)
 tenured generation   total 211392K, used 164610K [0x00000000d5550000, 0x00000000e23c0000, 0x0000000100000000)
   the space 211392K,  77% used [0x00000000d5550000, 0x00000000df610a58, 0x00000000df610c00, 0x00000000e23c0000)
 Metaspace       used 209723K, committed 212416K, reserved 409600K
  class space    used 27352K, committed 28672K, reserved 212992K
GC Heap History (20 events):
Event: 134.674 GC heap before
{Heap before GC invocations=69 (full 7):
 def new generation   total 95616K, used 90213K [0x00000000c0000000, 0x00000000c67c0000, 0x00000000d5550000)
  eden space 84992K, 100% used [0x00000000c0000000, 0x00000000c5300000, 0x00000000c5300000)
  from space 10624K,  49% used [0x00000000c5d60000, 0x00000000c62797f0, 0x00000000c67c0000)
  to   space 10624K,   0% used [0x00000000c5300000, 0x00000000c5300000, 0x00000000c5d60000)
 tenured generation   total 211392K, used 153429K [0x00000000d5550000, 0x00000000e23c0000, 0x0000000100000000)
   the space 211392K,  72% used [0x00000000d5550000, 0x00000000deb255b8, 0x00000000deb25600, 0x00000000e23c0000)
 Metaspace       used 202272K, committed 204928K, reserved 409600K
  class space    used 26493K, committed 27776K, reserved 212992K
}
Event: 134.773 GC heap after
{Heap after GC invocations=70 (full 7):
 def new generation   total 95616K, used 10623K [0x00000000c0000000, 0x00000000c67c0000, 0x00000000d5550000)
  eden space 84992K,   0% used [0x00000000c0000000, 0x00000000c0000000, 0x00000000c5300000)
  from space 10624K,  99% used [0x00000000c5300000, 0x00000000c5d5fff8, 0x00000000c5d60000)
  to   space 10624K,   0% used [0x00000000c5d60000, 0x00000000c5d60000, 0x00000000c67c0000)
 tenured generation   total 211392K, used 154283K [0x00000000d5550000, 0x00000000e23c0000, 0x0000000100000000)
   the space 211392K,  72% used [0x00000000d5550000, 0x00000000debfaec0, 0x00000000debfb000, 0x00000000e23c0000)
 Metaspace       used 202272K, committed 204928K, reserved 409600K
  class space    used 26493K, committed 27776K, reserved 212992K
}
Event: 219.989 GC heap before
{Heap before GC invocations=70 (full 7):
 def new generation   total 95616K, used 95615K [0x00000000c0000000, 0x00000000c67c0000, 0x00000000d5550000)
  eden space 84992K, 100% used [0x00000000c0000000, 0x00000000c5300000, 0x00000000c5300000)
  from space 10624K,  99% used [0x00000000c5300000, 0x00000000c5d5fff8, 0x00000000c5d60000)
  to   space 10624K,   0% used [0x00000000c5d60000, 0x00000000c5d60000, 0x00000000c67c0000)
 tenured generation   total 211392K, used 154283K [0x00000000d5550000, 0x00000000e23c0000, 0x0000000100000000)
   the space 211392K,  72% used [0x00000000d5550000, 0x00000000debfaec0, 0x00000000debfb000, 0x00000000e23c0000)
 Metaspace       used 205292K, committed 208000K, reserved 409600K
  class space    used 26909K, committed 28224K, reserved 212992K
}
Event: 223.731 GC heap after
{Heap after GC invocations=71 (full 7):
 def new generation   total 95616K, used 1790K [0x00000000c0000000, 0x00000000c67c0000, 0x00000000d5550000)
  eden space 84992K,   0% used [0x00000000c0000000, 0x00000000c0000000, 0x00000000c5300000)
  from space 10624K,  16% used [0x00000000c5d60000, 0x00000000c5f1fb88, 0x00000000c67c0000)
  to   space 10624K,   0% used [0x00000000c5300000, 0x00000000c5300000, 0x00000000c5d60000)
 tenured generation   total 211392K, used 164610K [0x00000000d5550000, 0x00000000e23c0000, 0x0000000100000000)
   the space 211392K,  77% used [0x00000000d5550000, 0x00000000df610a58, 0x00000000df610c00, 0x00000000e23c0000)
 Metaspace       used 205292K, committed 208000K, reserved 409600K
  class space    used 26909K, committed 28224K, reserved 212992K
}
Event: 2695.579 GC heap before
{Heap before GC invocations=71 (full 7):
 def new generation   total 95616K, used 86782K [0x00000000c0000000, 0x00000000c67c0000, 0x00000000d5550000)
  eden space 84992K, 100% used [0x00000000c0000000, 0x00000000c5300000, 0x00000000c5300000)
  from space 10624K,  16% used [0x00000000c5d60000, 0x00000000c5f1fb88, 0x00000000c67c0000)
  to   space 10624K,   0% used [0x00000000c5300000, 0x00000000c5300000, 0x00000000c5d60000)
 tenured generation   total 211392K, used 164610K [0x00000000d5550000, 0x00000000e23c0000, 0x0000000100000000)
   the space 211392K,  77% used [0x00000000d5550000, 0x00000000df610a58, 0x00000000df610c00, 0x00000000e23c0000)
 Metaspace       used 206340K, committed 209088K, reserved 409600K
  class space    used 27077K, committed 28416K, reserved 212992K
}
Event: 2699.234 GC heap after
{Heap after GC invocations=72 (full 7):
 def new generation   total 95616K, used 3133K [0x00000000c0000000, 0x00000000c67c0000, 0x00000000d5550000)
  eden space 84992K,   0% used [0x00000000c0000000, 0x00000000c0000000, 0x00000000c5300000)
  from space 10624K,  29% used [0x00000000c5300000, 0x00000000c560f710, 0x00000000c5d60000)
  to   space 10624K,   0% used [0x00000000c5d60000, 0x00000000c5d60000, 0x00000000c67c0000)
 tenured generation   total 211392K, used 164610K [0x00000000d5550000, 0x00000000e23c0000, 0x0000000100000000)
   the space 211392K,  77% used [0x00000000d5550000, 0x00000000df610a58, 0x00000000df610c00, 0x00000000e23c0000)
 Metaspace       used 206340K, committed 209088K, reserved 409600K
  class space    used 27077K, committed 28416K, reserved 212992K
}
Event: 2709.560 GC heap before
{Heap before GC invocations=72 (full 7):
 def new generation   total 95616K, used 88125K [0x00000000c0000000, 0x00000000c67c0000, 0x00000000d5550000)
  eden space 84992K, 100% used [0x00000000c0000000, 0x00000000c5300000, 0x00000000c5300000)
  from space 10624K,  29% used [0x00000000c5300000, 0x00000000c560f710, 0x00000000c5d60000)
  to   space 10624K,   0% used [0x00000000c5d60000, 0x00000000c5d60000, 0x00000000c67c0000)
 tenured generation   total 211392K, used 164610K [0x00000000d5550000, 0x00000000e23c0000, 0x0000000100000000)
   the space 211392K,  77% used [0x00000000d5550000, 0x00000000df610a58, 0x00000000df610c00, 0x00000000e23c0000)
 Metaspace       used 206368K, committed 209088K, reserved 409600K
  class space    used 27078K, committed 28416K, reserved 212992K
}
Event: 2711.231 GC heap after
{Heap after GC invocations=73 (full 7):
 def new generation   total 95616K, used 2657K [0x00000000c0000000, 0x00000000c67c0000, 0x00000000d5550000)
  eden space 84992K,   0% used [0x00000000c0000000, 0x00000000c0000000, 0x00000000c5300000)
  from space 10624K,  25% used [0x00000000c5d60000, 0x00000000c5ff85f8, 0x00000000c67c0000)
  to   space 10624K,   0% used [0x00000000c5300000, 0x00000000c5300000, 0x00000000c5d60000)
 tenured generation   total 211392K, used 164610K [0x00000000d5550000, 0x00000000e23c0000, 0x0000000100000000)
   the space 211392K,  77% used [0x00000000d5550000, 0x00000000df610a58, 0x00000000df610c00, 0x00000000e23c0000)
 Metaspace       used 206368K, committed 209088K, reserved 409600K
  class space    used 27078K, committed 28416K, reserved 212992K
}
Event: 2713.993 GC heap before
{Heap before GC invocations=73 (full 7):
 def new generation   total 95616K, used 87649K [0x00000000c0000000, 0x00000000c67c0000, 0x00000000d5550000)
  eden space 84992K, 100% used [0x00000000c0000000, 0x00000000c5300000, 0x00000000c5300000)
  from space 10624K,  25% used [0x00000000c5d60000, 0x00000000c5ff85f8, 0x00000000c67c0000)
  to   space 10624K,   0% used [0x00000000c5300000, 0x00000000c5300000, 0x00000000c5d60000)
 tenured generation   total 211392K, used 164610K [0x00000000d5550000, 0x00000000e23c0000, 0x0000000100000000)
   the space 211392K,  77% used [0x00000000d5550000, 0x00000000df610a58, 0x00000000df610c00, 0x00000000e23c0000)
 Metaspace       used 206371K, committed 209152K, reserved 409600K
  class space    used 27078K, committed 28416K, reserved 212992K
}
Event: 2715.253 GC heap after
{Heap after GC invocations=74 (full 7):
 def new generation   total 95616K, used 2656K [0x00000000c0000000, 0x00000000c67c0000, 0x00000000d5550000)
  eden space 84992K,   0% used [0x00000000c0000000, 0x00000000c0000000, 0x00000000c5300000)
  from space 10624K,  25% used [0x00000000c5300000, 0x00000000c5598300, 0x00000000c5d60000)
  to   space 10624K,   0% used [0x00000000c5d60000, 0x00000000c5d60000, 0x00000000c67c0000)
 tenured generation   total 211392K, used 164610K [0x00000000d5550000, 0x00000000e23c0000, 0x0000000100000000)
   the space 211392K,  77% used [0x00000000d5550000, 0x00000000df610a58, 0x00000000df610c00, 0x00000000e23c0000)
 Metaspace       used 206371K, committed 209152K, reserved 409600K
  class space    used 27078K, committed 28416K, reserved 212992K
}
Event: 2718.886 GC heap before
{Heap before GC invocations=74 (full 7):
 def new generation   total 95616K, used 87648K [0x00000000c0000000, 0x00000000c67c0000, 0x00000000d5550000)
  eden space 84992K, 100% used [0x00000000c0000000, 0x00000000c5300000, 0x00000000c5300000)
  from space 10624K,  25% used [0x00000000c5300000, 0x00000000c5598300, 0x00000000c5d60000)
  to   space 10624K,   0% used [0x00000000c5d60000, 0x00000000c5d60000, 0x00000000c67c0000)
 tenured generation   total 211392K, used 164610K [0x00000000d5550000, 0x00000000e23c0000, 0x0000000100000000)
   the space 211392K,  77% used [0x00000000d5550000, 0x00000000df610a58, 0x00000000df610c00, 0x00000000e23c0000)
 Metaspace       used 206380K, committed 209152K, reserved 409600K
  class space    used 27078K, committed 28416K, reserved 212992K
}
Event: 2719.525 GC heap after
{Heap after GC invocations=75 (full 7):
 def new generation   total 95616K, used 2679K [0x00000000c0000000, 0x00000000c67c0000, 0x00000000d5550000)
  eden space 84992K,   0% used [0x00000000c0000000, 0x00000000c0000000, 0x00000000c5300000)
  from space 10624K,  25% used [0x00000000c5d60000, 0x00000000c5ffdf58, 0x00000000c67c0000)
  to   space 10624K,   0% used [0x00000000c5300000, 0x00000000c5300000, 0x00000000c5d60000)
 tenured generation   total 211392K, used 164610K [0x00000000d5550000, 0x00000000e23c0000, 0x0000000100000000)
   the space 211392K,  77% used [0x00000000d5550000, 0x00000000df610a58, 0x00000000df610c00, 0x00000000e23c0000)
 Metaspace       used 206380K, committed 209152K, reserved 409600K
  class space    used 27078K, committed 28416K, reserved 212992K
}
Event: 2720.427 GC heap before
{Heap before GC invocations=75 (full 7):
 def new generation   total 95616K, used 87671K [0x00000000c0000000, 0x00000000c67c0000, 0x00000000d5550000)
  eden space 84992K, 100% used [0x00000000c0000000, 0x00000000c5300000, 0x00000000c5300000)
  from space 10624K,  25% used [0x00000000c5d60000, 0x00000000c5ffdf58, 0x00000000c67c0000)
  to   space 10624K,   0% used [0x00000000c5300000, 0x00000000c5300000, 0x00000000c5d60000)
 tenured generation   total 211392K, used 164610K [0x00000000d5550000, 0x00000000e23c0000, 0x0000000100000000)
   the space 211392K,  77% used [0x00000000d5550000, 0x00000000df610a58, 0x00000000df610c00, 0x00000000e23c0000)
 Metaspace       used 206388K, committed 209152K, reserved 409600K
  class space    used 27078K, committed 28416K, reserved 212992K
}
Event: 2720.555 GC heap after
{Heap after GC invocations=76 (full 7):
 def new generation   total 95616K, used 2684K [0x00000000c0000000, 0x00000000c67c0000, 0x00000000d5550000)
  eden space 84992K,   0% used [0x00000000c0000000, 0x00000000c0000000, 0x00000000c5300000)
  from space 10624K,  25% used [0x00000000c5300000, 0x00000000c559f340, 0x00000000c5d60000)
  to   space 10624K,   0% used [0x00000000c5d60000, 0x00000000c5d60000, 0x00000000c67c0000)
 tenured generation   total 211392K, used 164610K [0x00000000d5550000, 0x00000000e23c0000, 0x0000000100000000)
   the space 211392K,  77% used [0x00000000d5550000, 0x00000000df610a58, 0x00000000df610c00, 0x00000000e23c0000)
 Metaspace       used 206388K, committed 209152K, reserved 409600K
  class space    used 27078K, committed 28416K, reserved 212992K
}
Event: 2721.355 GC heap before
{Heap before GC invocations=76 (full 7):
 def new generation   total 95616K, used 87676K [0x00000000c0000000, 0x00000000c67c0000, 0x00000000d5550000)
  eden space 84992K, 100% used [0x00000000c0000000, 0x00000000c5300000, 0x00000000c5300000)
  from space 10624K,  25% used [0x00000000c5300000, 0x00000000c559f340, 0x00000000c5d60000)
  to   space 10624K,   0% used [0x00000000c5d60000, 0x00000000c5d60000, 0x00000000c67c0000)
 tenured generation   total 211392K, used 164610K [0x00000000d5550000, 0x00000000e23c0000, 0x0000000100000000)
   the space 211392K,  77% used [0x00000000d5550000, 0x00000000df610a58, 0x00000000df610c00, 0x00000000e23c0000)
 Metaspace       used 206398K, committed 209152K, reserved 409600K
  class space    used 27078K, committed 28416K, reserved 212992K
}
Event: 2721.421 GC heap after
{Heap after GC invocations=77 (full 7):
 def new generation   total 95616K, used 2686K [0x00000000c0000000, 0x00000000c67c0000, 0x00000000d5550000)
  eden space 84992K,   0% used [0x00000000c0000000, 0x00000000c0000000, 0x00000000c5300000)
  from space 10624K,  25% used [0x00000000c5d60000, 0x00000000c5fff960, 0x00000000c67c0000)
  to   space 10624K,   0% used [0x00000000c5300000, 0x00000000c5300000, 0x00000000c5d60000)
 tenured generation   total 211392K, used 164610K [0x00000000d5550000, 0x00000000e23c0000, 0x0000000100000000)
   the space 211392K,  77% used [0x00000000d5550000, 0x00000000df610a58, 0x00000000df610c00, 0x00000000e23c0000)
 Metaspace       used 206398K, committed 209152K, reserved 409600K
  class space    used 27078K, committed 28416K, reserved 212992K
}
Event: 2723.239 GC heap before
{Heap before GC invocations=77 (full 7):
 def new generation   total 95616K, used 87678K [0x00000000c0000000, 0x00000000c67c0000, 0x00000000d5550000)
  eden space 84992K, 100% used [0x00000000c0000000, 0x00000000c5300000, 0x00000000c5300000)
  from space 10624K,  25% used [0x00000000c5d60000, 0x00000000c5fff960, 0x00000000c67c0000)
  to   space 10624K,   0% used [0x00000000c5300000, 0x00000000c5300000, 0x00000000c5d60000)
 tenured generation   total 211392K, used 164610K [0x00000000d5550000, 0x00000000e23c0000, 0x0000000100000000)
   the space 211392K,  77% used [0x00000000d5550000, 0x00000000df610a58, 0x00000000df610c00, 0x00000000e23c0000)
 Metaspace       used 206406K, committed 209152K, reserved 409600K
  class space    used 27078K, committed 28416K, reserved 212992K
}
Event: 2725.091 GC heap after
{Heap after GC invocations=78 (full 7):
 def new generation   total 95616K, used 2720K [0x00000000c0000000, 0x00000000c67c0000, 0x00000000d5550000)
  eden space 84992K,   0% used [0x00000000c0000000, 0x00000000c0000000, 0x00000000c5300000)
  from space 10624K,  25% used [0x00000000c5300000, 0x00000000c55a81f0, 0x00000000c5d60000)
  to   space 10624K,   0% used [0x00000000c5d60000, 0x00000000c5d60000, 0x00000000c67c0000)
 tenured generation   total 211392K, used 164610K [0x00000000d5550000, 0x00000000e23c0000, 0x0000000100000000)
   the space 211392K,  77% used [0x00000000d5550000, 0x00000000df610a58, 0x00000000df610c00, 0x00000000e23c0000)
 Metaspace       used 206406K, committed 209152K, reserved 409600K
  class space    used 27078K, committed 28416K, reserved 212992K
}
Event: 2775.799 GC heap before
{Heap before GC invocations=78 (full 7):
 def new generation   total 95616K, used 87712K [0x00000000c0000000, 0x00000000c67c0000, 0x00000000d5550000)
  eden space 84992K, 100% used [0x00000000c0000000, 0x00000000c5300000, 0x00000000c5300000)
  from space 10624K,  25% used [0x00000000c5300000, 0x00000000c55a81f0, 0x00000000c5d60000)
  to   space 10624K,   0% used [0x00000000c5d60000, 0x00000000c5d60000, 0x00000000c67c0000)
 tenured generation   total 211392K, used 164610K [0x00000000d5550000, 0x00000000e23c0000, 0x0000000100000000)
   the space 211392K,  77% used [0x00000000d5550000, 0x00000000df610a58, 0x00000000df610c00, 0x00000000e23c0000)
 Metaspace       used 206679K, committed 209408K, reserved 409600K
  class space    used 27112K, committed 28416K, reserved 212992K
}
Event: 2776.469 GC heap after
{Heap after GC invocations=79 (full 7):
 def new generation   total 95616K, used 5913K [0x00000000c0000000, 0x00000000c67c0000, 0x00000000d5550000)
  eden space 84992K,   0% used [0x00000000c0000000, 0x00000000c0000000, 0x00000000c5300000)
  from space 10624K,  55% used [0x00000000c5d60000, 0x00000000c63267e8, 0x00000000c67c0000)
  to   space 10624K,   0% used [0x00000000c5300000, 0x00000000c5300000, 0x00000000c5d60000)
 tenured generation   total 211392K, used 164610K [0x00000000d5550000, 0x00000000e23c0000, 0x0000000100000000)
   the space 211392K,  77% used [0x00000000d5550000, 0x00000000df610a58, 0x00000000df610c00, 0x00000000e23c0000)
 Metaspace       used 206679K, committed 209408K, reserved 409600K
  class space    used 27112K, committed 28416K, reserved 212992K
}

